  AI.cpp
  Ball.cpp
  Player1.cpp
C:\Users\goktu\source\repos\Pong\Pong\AI.cpp(20,36): warning C4244: 'argument': conversion from 'float' to 'int', possible loss of data
C:\Users\goktu\source\repos\Pong\Pong\AI.cpp(20,24): warning C4244: 'argument': conversion from 'float' to 'int', possible loss of data
C:\Users\goktu\source\repos\Pong\Pong\Ball.h(2,10): warning C4067: unexpected tokens following preprocessor directive - expected a newline
  (compiling source file 'Ball.cpp')
  
C:\Users\goktu\source\repos\Pong\Pong\Ball.cpp(17,36): warning C4244: 'argument': conversion from 'float' to 'int', possible loss of data
C:\Users\goktu\source\repos\Pong\Pong\Ball.cpp(17,24): warning C4244: 'argument': conversion from 'float' to 'int', possible loss of data
C:\Users\goktu\source\repos\Pong\Pong\Ball.cpp(68,10): warning C4244: 'initializing': conversion from 'int' to 'float', possible loss of data
C:\Users\goktu\source\repos\Pong\Pong\Ball.cpp(77,10): warning C4244: 'initializing': conversion from 'int' to 'float', possible loss of data
C:\Users\goktu\source\repos\Pong\Pong\Player1.cpp(18,36): warning C4244: 'argument': conversion from 'float' to 'int', possible loss of data
C:\Users\goktu\source\repos\Pong\Pong\Player1.cpp(18,24): warning C4244: 'argument': conversion from 'float' to 'int', possible loss of data
  Player2.cpp
C:\Users\goktu\source\repos\Pong\Pong\Player2.cpp(19,36): warning C4244: 'argument': conversion from 'float' to 'int', possible loss of data
C:\Users\goktu\source\repos\Pong\Pong\Player2.cpp(19,24): warning C4244: 'argument': conversion from 'float' to 'int', possible loss of data
  Pong.cpp
C:\Users\goktu\source\repos\Pong\Pong\Ball.h(2,10): warning C4067: unexpected tokens following preprocessor directive - expected a newline
  (compiling source file 'Pong.cpp')
  
C:\Users\goktu\source\repos\Pong\Pong\Pong.cpp(52,39): warning C4244: 'argument': conversion from 'float' to 'int', possible loss of data
C:\Users\goktu\source\repos\Pong\Pong\Pong.cpp(52,31): warning C4244: 'argument': conversion from 'float' to 'int', possible loss of data
C:\Users\goktu\source\repos\Pong\Pong\Pong.cpp(53,39): warning C4244: 'argument': conversion from 'float' to 'int', possible loss of data
C:\Users\goktu\source\repos\Pong\Pong\Pong.cpp(53,31): warning C4244: 'argument': conversion from 'float' to 'int', possible loss of data
  Generating code
  0 of 25 functions ( 0.0%) were compiled, the rest were copied from previous compilation.
    0 functions were new in current compilation
    0 functions had inline decision re-evaluated but remain unchanged
  Finished generating code
  Pong.vcxproj -> C:\Users\goktu\source\repos\Pong\x64\Release\Pong.exe
  'pwsh.exe' is not recognized as an internal or external command,
  operable program or batch file.
